SERVER_HANDSHAKE_TRAFFIC_SECRET f09bc0fff842794ca5705962cc57cdcb503dc59f6bd140cfd9587c2d7ae72963 fc256d41f2191e3596ec77e6056e756f8089e880c37aad34c749e19b4d32eb5d
EXPORTER_SECRET f09bc0fff842794ca5705962cc57cdcb503dc59f6bd140cfd9587c2d7ae72963 468ab3a5341a7e28cba916735b46483cfa5105ab2c31c2293f0fb28acfba3667
SERVER_TRAFFIC_SECRET_0 f09bc0fff842794ca5705962cc57cdcb503dc59f6bd140cfd9587c2d7ae72963 b9d0ff3f09e325f31265f9fabcd7207c7b2bd965b0a4c1898a0d90bd3063283f
CLIENT_HANDSHAKE_TRAFFIC_SECRET f09bc0fff842794ca5705962cc57cdcb503dc59f6bd140cfd9587c2d7ae72963 50c4e4dcf3ef1c7cac43a2f8f3a7eaff9273a161f8350f160ecc2084e568e499
CLIENT_TRAFFIC_SECRET_0 f09bc0fff842794ca5705962cc57cdcb503dc59f6bd140cfd9587c2d7ae72963 775f811b4d4ed3e581b07d489192b6ddb3ddaccab681bdbb7b3a46f847fd089f
SERVER_HANDSHAKE_TRAFFIC_SECRET af4c2781fbd7988c1df5bc025eeca1e53c7b9ae6b59a4565ebe6bca5304ca479 a1b97b80e75512b770b595ac0bbc70889b0257c8a037b831fc4cd8fe91e56367
EXPORTER_SECRET af4c2781fbd7988c1df5bc025eeca1e53c7b9ae6b59a4565ebe6bca5304ca479 f36fa3eb53c074af435ada32e0a321849d69c2b11f808a79fcecdd3c7502c0f9
SERVER_TRAFFIC_SECRET_0 af4c2781fbd7988c1df5bc025eeca1e53c7b9ae6b59a4565ebe6bca5304ca479 748d53d174d9dcddf42ceb2b6c05a68ea73178c2c3b2688d5bf99f3feb0c5f1c
CLIENT_HANDSHAKE_TRAFFIC_SECRET af4c2781fbd7988c1df5bc025eeca1e53c7b9ae6b59a4565ebe6bca5304ca479 7ba6b642c8e4a13343163e292846c2b3ad9d6febd1b77238aedb7a01072a6efa
CLIENT_TRAFFIC_SECRET_0 af4c2781fbd7988c1df5bc025eeca1e53c7b9ae6b59a4565ebe6bca5304ca479 3a6764fe98853c34893f82f6205b9a50ab700c4e17f6896bcf9b47b13b208278
SERVER_HANDSHAKE_TRAFFIC_SECRET 383ae5c3ef85954422cbab79db98a18ff60154926e80565df7b2af046b12edc2 0d1888df1379377d87bf2d050b0dba5158330ec88d4fe9d7e497cdf1369eb051
EXPORTER_SECRET 383ae5c3ef85954422cbab79db98a18ff60154926e80565df7b2af046b12edc2 a2d47b1136c5057d523ef65053938b393ec5f7a0356b9f2e73782e16e9159452
SERVER_TRAFFIC_SECRET_0 383ae5c3ef85954422cbab79db98a18ff60154926e80565df7b2af046b12edc2 25d4a25c8ec06648fc49f2d4dab6103634538d42b4dc0ce00dc984a153382b9f
CLIENT_HANDSHAKE_TRAFFIC_SECRET 383ae5c3ef85954422cbab79db98a18ff60154926e80565df7b2af046b12edc2 ddb70ed1a3dd47c222b467e5e10a02a479b86f9f6595ed4099c777791d6f76e6
CLIENT_TRAFFIC_SECRET_0 383ae5c3ef85954422cbab79db98a18ff60154926e80565df7b2af046b12edc2 c1ff8462d2088ecf39b30a0dafb7e1458c84781afac27c998934b7a72a74ddf0
SERVER_HANDSHAKE_TRAFFIC_SECRET c7b9479836a70ebd6f6268d81514dde957555b51fc4a316f3a27abbb0cea7d0c 1325938a0824090337a40ab5cc509de7d8ac1c843d2f052c8a3a663b2125f959
EXPORTER_SECRET c7b9479836a70ebd6f6268d81514dde957555b51fc4a316f3a27abbb0cea7d0c 4eb28d29c6caceec7570b36775e65c07e1a3bf9c8bfd43aa276ff5f70f246f4e
SERVER_TRAFFIC_SECRET_0 c7b9479836a70ebd6f6268d81514dde957555b51fc4a316f3a27abbb0cea7d0c a817360e4e22203ba54a62837b3fa9424307d8463bd034c874777974df0d0635
CLIENT_HANDSHAKE_TRAFFIC_SECRET c7b9479836a70ebd6f6268d81514dde957555b51fc4a316f3a27abbb0cea7d0c 7c8ac04d5e39a115945d71f5637cb688cf69d39b6ab6b9be13f3f526cd128c8a
CLIENT_TRAFFIC_SECRET_0 c7b9479836a70ebd6f6268d81514dde957555b51fc4a316f3a27abbb0cea7d0c 927c332ed3188c82fb403202725da23a034bb3fe2b0f199141380442be0ff83a
SERVER_HANDSHAKE_TRAFFIC_SECRET a4f0afe05c300a37742a40f14d629a592ef73bd79ac932624faae2c517a00fce 6337bf31541914c676e7bb02518ba9d50a4338ca2e297a9e92e6d27a5516b130
EXPORTER_SECRET a4f0afe05c300a37742a40f14d629a592ef73bd79ac932624faae2c517a00fce 394d77016d0a9c57afd21bb1d758e409575969a5e29b92e489a6962702f65845
SERVER_TRAFFIC_SECRET_0 a4f0afe05c300a37742a40f14d629a592ef73bd79ac932624faae2c517a00fce 6d862c0d0cb2aa951dd0d1d8ec544c104b252c099b88b99c97bb4c38c4f5cd72
CLIENT_HANDSHAKE_TRAFFIC_SECRET a4f0afe05c300a37742a40f14d629a592ef73bd79ac932624faae2c517a00fce cbd854c6ef79cf8f988355d1f1eb497b52d8c66d5a3b4de52cb61a89907e4cc2
CLIENT_TRAFFIC_SECRET_0 a4f0afe05c300a37742a40f14d629a592ef73bd79ac932624faae2c517a00fce 528a75feceb9167ce2ba64238bfdbc801516d9cb7f6141f94562e86b9f9c05df
